<?xml version="1.0" encoding="UTF-8"?>
<!-- Generated by org.testng.reporters.JUnitReportReporter -->
<testsuite hostname="Asplap3106" failures="0" tests="2" name="rahulshettyacademy.tests.StandAloneTest" time="49.668" errors="0" timestamp="2025-03-15T11:58:20 IST" skipped="0">
  <testcase classname="rahulshettyacademy.tests.StandAloneTest" name="SubmitOrder" time="24.641"/>
  <testcase classname="rahulshettyacademy.tests.StandAloneTest" name="SubmitOrder" time="25.027"/>
</testsuite> <!-- rahulshettyacademy.tests.StandAloneTest -->
